2023-09-06 12:30:01,040 - INFO - Se ha iniciado sesión correctamente
2023-09-06 12:30:01,040 - INFO - Buscando archivos Karpay. La fecha a consultar es: 
2023-09-06 12:30:01,040 - INFO - 15-08-2023
2023-09-06 12:30:31,461 - INFO - Existe el botón descargar todo
2023-09-06 12:30:46,778 - INFO - Se encontró el archivo zip: C:\Users\svcmerr\Downloads\ALERTA ROJA SPEI A_B 15-08-2023.zip
2023-09-06 12:30:46,781 - INFO - Se movió el archivo zip a: C:\Users\svcmerr\Desktop\file_download\REPORTES KARPAY\ALERTA ROJA SPEI A_B 15-08-2023.zip
2023-09-06 12:30:46,815 - INFO - Archivos descomprimidos correctamente.
2023-09-06 12:30:46,817 - INFO - Archivo zip eliminado.
2023-09-06 12:32:58,068 - INFO - Se ha iniciado sesión correctamente
2023-09-06 12:32:58,068 - INFO - Buscando el archivo flex. La fecha a buscar es: 
2023-09-06 12:32:58,068 - INFO - 15-08-2023
2023-09-06 12:33:27,770 - INFO - Se copió el archivo a: C:\Users\svcmerr\Desktop\file_download\REPORTES FLEX\Reports_BIP_ESP_001_EXRRS024_00480126(1).xls
2023-09-06 12:33:27,879 - INFO - Se eliminó el archivo de descargas: C:\Users\svcmerr\Downloads\Reports_BIP_ESP_001_EXRRS024_00480126(1).xls
2023-09-06 13:07:28,112 - INFO - Se ha iniciado sesión correctamente
2023-09-06 13:07:28,112 - INFO - Buscando archivos Karpay. La fecha a consultar es: 
2023-09-06 13:07:28,112 - INFO - 15-08-2023
2023-09-06 13:07:58,488 - INFO - Existe el botón descargar todo
2023-09-06 13:08:13,810 - INFO - Se encontró el archivo zip: C:\Users\svcmerr\Downloads\ALERTA ROJA SPEI A_B 15-08-2023.zip
2023-09-06 13:08:13,812 - INFO - Se movió el archivo zip a: C:\Users\svcmerr\Desktop\file_download\REPORTES KARPAY\ALERTA ROJA SPEI A_B 15-08-2023.zip
2023-09-06 13:08:13,847 - INFO - Archivos descomprimidos correctamente.
2023-09-06 13:08:13,848 - INFO - Archivo zip eliminado.
2023-09-06 13:15:20,791 - INFO - Se ha iniciado sesión correctamente
2023-09-06 13:15:20,791 - INFO - Buscando el archivo flex. La fecha a buscar es: 
2023-09-06 13:15:20,791 - INFO - 15-08-2023
2023-09-06 13:15:49,641 - INFO - Se copió el archivo a: C:\Users\svcmerr\Desktop\file_download\REPORTES FLEX\Reports_BIP_ESP_001_EXRRS024_00480126.xls
2023-09-06 13:15:49,653 - INFO - Se eliminó el archivo de descargas: C:\Users\svcmerr\Downloads\Reports_BIP_ESP_001_EXRRS024_00480126.xls
2023-09-06 13:18:27,137 - INFO - Se ha iniciado sesión correctamente
2023-09-06 13:18:27,138 - INFO - Buscando archivos Karpay. La fecha a consultar es: 
2023-09-06 13:18:27,138 - INFO - 15-08-2023
2023-09-06 13:18:58,580 - INFO - Existe el botón descargar todo
2023-09-06 13:19:13,853 - INFO - Se encontró el archivo zip: C:\Users\svcmerr\Downloads\ALERTA ROJA SPEI A_B 15-08-2023.zip
2023-09-06 13:19:13,857 - INFO - Se movió el archivo zip a: C:\Users\svcmerr\Desktop\file_download\REPORTES KARPAY\ALERTA ROJA SPEI A_B 15-08-2023.zip
2023-09-06 13:19:13,890 - INFO - Archivos descomprimidos correctamente.
2023-09-06 13:19:13,890 - INFO - Archivo zip eliminado.
2023-09-06 13:25:40,355 - INFO - Se ha iniciado sesión correctamente
2023-09-06 13:25:40,355 - INFO - Buscando el archivo flex. La fecha a buscar es: 
2023-09-06 13:25:40,355 - INFO - 15-08-2023
2023-09-06 13:26:10,241 - INFO - Se copió el archivo a: C:\Users\svcmerr\Desktop\file_download\REPORTES FLEX\Reports_BIP_ESP_001_EXRRS024_00480126.xls
2023-09-06 13:26:10,269 - INFO - Se eliminó el archivo de descargas: C:\Users\svcmerr\Downloads\Reports_BIP_ESP_001_EXRRS024_00480126.xls
